<?xml version="1.0" encoding="UTF-8"?>
<testsuite xmlns:xsi="http://www.w3.org/2001/XMLSchema-instance" xsi:noNamespaceSchemaLocation="https://maven.apache.org/surefire/maven-surefire-plugin/xsd/surefire-test-report-3.0.xsd" version="3.0" name="tek.sdet.framework.runner.TestRunner" time="8.081" tests="1" errors="0" skipped="0" failures="0">
  <properties>
[...]
</properties>
  <testcase name="Verify User can add  an Address" classname="Retail Application Account Feature" time="7.357">
    <system-out><![CDATA[
@CompleteTest @addAddress
Scenario: Verify User can add  an Address                            # features/RetailAccount.feature:18
 INFO [main] (RetailSteps.java:28)- user is on retail website
 INFO [main] (RetailSteps.java:29)- Actual Title React App Equals  ExpectedTitle React App
  Given User is on retail website                                    # tek.sdet.framework.steps.RetailSteps.userIsOnRetailWebsite()
 INFO [main] (SignInSteps.java:22)- User clicked on Sign in Option
  When User click on Sign in option                                  # tek.sdet.framework.steps.SignInSteps.userClickOnSignInOption()
 INFO [main] (SignInSteps.java:29)- user entered email test.shaiq@tek.com and password Tek@12345
  And User enter email 'test.shaiq@tek.com' and password 'Tek@12345' # tek.sdet.framework.steps.SignInSteps.userEnterEmailAndPassword(java.lang.String,java.lang.String)
 INFO [main] (SignInSteps.java:35)- user clicked on login button
  And User click on login button                                     # tek.sdet.framework.steps.SignInSteps.userClickOnLoginButton()
  And User should be logged in into Account                          # tek.sdet.framework.steps.SignInSteps.userShouldBeLoggedInIntoAccount()
 INFO [main] (RetailAccountSteps.java:21)- user clicked on Account option
  When User click on Account option                                  # tek.sdet.framework.steps.RetailAccountSteps.userClickOnAccountOption()
 INFO [main] (RetailAccountSteps.java:45)- user clicked on Add address option
  And User click on  Add address option                              # tek.sdet.framework.steps.RetailAccountSteps.userClickOnAddAddressOption()
 INFO [main] (RetailAccountSteps.java:59)- user filled the new address form with information provided in data table
  And User fill new address form with below information              # tek.sdet.framework.steps.RetailAccountSteps.userFllNewAddressFormWithBelowInformation(io.cucumber.datatable.DataTable)
    | country | fullName | PhoneNumber | StreetAddress | apt | city | state | zipCode |
 INFO [main] (RetailAccountSteps.java:65)- user clicked on Add your Address button
  And User click Add Your Address button                             # tek.sdet.framework.steps.RetailAccountSteps.userClickAddYourAddressButton()
  Then a message should be displayed 'Address Added Successfully'    # tek.sdet.framework.steps.RetailAccountSteps.aMessageShouldBeDisplayed(java.lang.String)
]]></system-out>
    <system-err><![CDATA[SLF4J: Failed to load class "org.slf4j.impl.StaticLoggerBinder".
SLF4J: Defaulting to no-operation (NOP) logger implementation
SLF4J: See http://www.slf4j.org/codes.html#StaticLoggerBinder for further details.
ERROR StatusLogger Log4j2 could not find a logging implementation. Please add log4j-core to the classpath. Using SimpleLogger to log to the console...
Starting ChromeDriver 110.0.5481.77 (65ed616c6e8ee3fe0ad64fe83796c020644d42af-refs/branch-heads/5481@{#839}) on port 63472
Only local connections are allowed.
Please see https://chromedriver.chromium.org/security-considerations for suggestions on keeping ChromeDriver safe.
ChromeDriver was started successfully.
[1677206395.216][WARNING]: virtual void DevToolsClientImpl::AddListener(DevToolsEventListener *) subscribing a listener to the already connected DevToolsClient. Connection notification will not arrive.
Feb 23, 2023 9:39:55 PM org.openqa.selenium.remote.ProtocolHandshake createSession
INFO: Detected upstream dialect: W3C
Feb 23, 2023 9:39:55 PM org.openqa.selenium.devtools.CdpVersionFinder findNearestMatch
WARNING: Unable to find an exact match for CDP version 110, so returning the closest version found: a no-op implementation
Feb 23, 2023 9:39:55 PM org.openqa.selenium.devtools.CdpVersionFinder findNearestMatch
INFO: Unable to find CDP implementation matching 110.
Feb 23, 2023 9:39:55 PM org.openqa.selenium.chromium.ChromiumDriver lambda$new$3
WARNING: Unable to find version of CDP to use for . You may need to include a dependency on a specific version of the CDP using something similar to `org.seleniumhq.selenium:selenium-devtools-v86:4.4.0` where the version ("v86") matches the version of the chromium-based browser you're using and the version number of the artifact is the same as Selenium's.
]]></system-err>
  </testcase>
</testsuite>